[25.07.2020 - 16:46:34] created new entry with refresh (AQCFjInr4wG_LwtMiOhKwYrfMwCg4ZnxMolixH1tBCHr5MC_CGzuaKEI4GK7SA1s_WWGiYPhLMbXS8feOYSzgUrfnWd6qAatlM8BXh11yz3rABap-qSvk8C4FAqWZN4Cdgg)
[25.07.2020 - 16:46:45] created new entry with refresh (AQBb5S251I7xzQwF1-vCaly8tS-xYqcf8zaZB0zx11EZlojVURw671H9c5syLdbvkm4PRzl8mIQ6qRCnsRmITn0lrio63ZjEd7Xqn6ysor7wEikK4_QHKCiPnqLMzjttsQo)
[25.07.2020 - 16:47:11] created new entry with refresh (AQDqWxt7MCR4CUI8LRtLasf8ydxD4K5PSb5-vlb3vbKC3uV080SsINDeTIDfWKaZYRLf2wbyouX1oSxvrUuqPidETzzuAM8p4MFoHPoPl5s2t41ehUQcDRPeoyXS-ZbjAok)
[25.07.2020 - 16:47:23] try refresh (AQDqWxt7MCR4CUI8LRtLasf8ydxD4K5PSb5-vlb3vbKC3uV080SsINDeTIDfWKaZYRLf2wbyouX1oSxvrUuqPidETzzuAM8p4MFoHPoPl5s2t41ehUQcDRPeoyXS-ZbjAok)
[25.07.2020 - 16:51:07] try refresh (AQDqWxt7MCR4CUI8LRtLasf8ydxD4K5PSb5-vlb3vbKC3uV080SsINDeTIDfWKaZYRLf2wbyouX1oSxvrUuqPidETzzuAM8p4MFoHPoPl5s2t41ehUQcDRPeoyXS-ZbjAok)
[25.07.2020 - 16:59:13] updated refresh (AQC8YNtJ6DV24ruI_vYr9p0OsLmbtkfUHQn80EmvhfvFcdfRSbJF0pbR80TN7VJwHaYXPhqy8CsIo9Slp0WQ4_UT_nIT0tN4E2rwpkrUGLRXX1TIxQBKVloQt8-xl1DAn2I)
[25.07.2020 - 17:01:25] updated refresh (AQC9sq1dmyZAVDfq1yHct_VYdju2h_u9Q5gKSrpsc9-Xd3lMwoWWDWrTCzxYi8ffCjEfajOI38s7nBXK6OKe9AAsJtU-Mq5rCCrDRqs2Ml2Gg6aaK_wAIlTb6IA7ICxb5Q8)
[25.07.2020 - 17:01:36] try refresh (AQDqWxt7MCR4CUI8LRtLasf8ydxD4K5PSb5-vlb3vbKC3uV080SsINDeTIDfWKaZYRLf2wbyouX1oSxvrUuqPidETzzuAM8p4MFoHPoPl5s2t41ehUQcDRPeoyXS-ZbjAok)
[25.07.2020 - 17:02:00] try refresh (AQDqWxt7MCR4CUI8LRtLasf8ydxD4K5PSb5-vlb3vbKC3uV080SsINDeTIDfWKaZYRLf2wbyouX1oSxvrUuqPidETzzuAM8p4MFoHPoPl5s2t41ehUQcDRPeoyXS-ZbjAok)
[25.07.2020 - 17:02:05] try refresh (AQDqWxt7MCR4CUI8LRtLasf8ydxD4K5PSb5-vlb3vbKC3uV080SsINDeTIDfWKaZYRLf2wbyouX1oSxvrUuqPidETzzuAM8p4MFoHPoPl5s2t41ehUQcDRPeoyXS-ZbjAok)
[25.07.2020 - 17:02:11] try refresh (AQDqWxt7MCR4CUI8LRtLasf8ydxD4K5PSb5-vlb3vbKC3uV080SsINDeTIDfWKaZYRLf2wbyouX1oSxvrUuqPidETzzuAM8p4MFoHPoPl5s2t41ehUQcDRPeoyXS-ZbjAok)
[25.07.2020 - 17:02:14] try refresh (AQDqWxt7MCR4CUI8LRtLasf8ydxD4K5PSb5-vlb3vbKC3uV080SsINDeTIDfWKaZYRLf2wbyouX1oSxvrUuqPidETzzuAM8p4MFoHPoPl5s2t41ehUQcDRPeoyXS-ZbjAok)
[25.07.2020 - 17:02:16] try refresh (AQDqWxt7MCR4CUI8LRtLasf8ydxD4K5PSb5-vlb3vbKC3uV080SsINDeTIDfWKaZYRLf2wbyouX1oSxvrUuqPidETzzuAM8p4MFoHPoPl5s2t41ehUQcDRPeoyXS-ZbjAok)
[25.07.2020 - 17:02:19] try refresh (AQDqWxt7MCR4CUI8LRtLasf8ydxD4K5PSb5-vlb3vbKC3uV080SsINDeTIDfWKaZYRLf2wbyouX1oSxvrUuqPidETzzuAM8p4MFoHPoPl5s2t41ehUQcDRPeoyXS-ZbjAok)
[25.07.2020 - 17:02:22] try refresh (AQDqWxt7MCR4CUI8LRtLasf8ydxD4K5PSb5-vlb3vbKC3uV080SsINDeTIDfWKaZYRLf2wbyouX1oSxvrUuqPidETzzuAM8p4MFoHPoPl5s2t41ehUQcDRPeoyXS-ZbjAok)
[25.07.2020 - 17:02:24] try refresh (AQDqWxt7MCR4CUI8LRtLasf8ydxD4K5PSb5-vlb3vbKC3uV080SsINDeTIDfWKaZYRLf2wbyouX1oSxvrUuqPidETzzuAM8p4MFoHPoPl5s2t41ehUQcDRPeoyXS-ZbjAok)
[25.07.2020 - 17:02:27] try refresh (AQDqWxt7MCR4CUI8LRtLasf8ydxD4K5PSb5-vlb3vbKC3uV080SsINDeTIDfWKaZYRLf2wbyouX1oSxvrUuqPidETzzuAM8p4MFoHPoPl5s2t41ehUQcDRPeoyXS-ZbjAok)
[25.07.2020 - 17:02:29] try refresh (AQDqWxt7MCR4CUI8LRtLasf8ydxD4K5PSb5-vlb3vbKC3uV080SsINDeTIDfWKaZYRLf2wbyouX1oSxvrUuqPidETzzuAM8p4MFoHPoPl5s2t41ehUQcDRPeoyXS-ZbjAok)
[25.07.2020 - 17:02:32] try refresh (AQDqWxt7MCR4CUI8LRtLasf8ydxD4K5PSb5-vlb3vbKC3uV080SsINDeTIDfWKaZYRLf2wbyouX1oSxvrUuqPidETzzuAM8p4MFoHPoPl5s2t41ehUQcDRPeoyXS-ZbjAok)
[25.07.2020 - 17:02:34] try refresh (AQDqWxt7MCR4CUI8LRtLasf8ydxD4K5PSb5-vlb3vbKC3uV080SsINDeTIDfWKaZYRLf2wbyouX1oSxvrUuqPidETzzuAM8p4MFoHPoPl5s2t41ehUQcDRPeoyXS-ZbjAok)
[25.07.2020 - 17:02:37] try refresh (AQDqWxt7MCR4CUI8LRtLasf8ydxD4K5PSb5-vlb3vbKC3uV080SsINDeTIDfWKaZYRLf2wbyouX1oSxvrUuqPidETzzuAM8p4MFoHPoPl5s2t41ehUQcDRPeoyXS-ZbjAok)
[25.07.2020 - 17:02:40] try refresh (AQDqWxt7MCR4CUI8LRtLasf8ydxD4K5PSb5-vlb3vbKC3uV080SsINDeTIDfWKaZYRLf2wbyouX1oSxvrUuqPidETzzuAM8p4MFoHPoPl5s2t41ehUQcDRPeoyXS-ZbjAok)
[25.07.2020 - 17:02:42] try refresh (AQDqWxt7MCR4CUI8LRtLasf8ydxD4K5PSb5-vlb3vbKC3uV080SsINDeTIDfWKaZYRLf2wbyouX1oSxvrUuqPidETzzuAM8p4MFoHPoPl5s2t41ehUQcDRPeoyXS-ZbjAok)
[25.07.2020 - 17:02:45] try refresh (AQDqWxt7MCR4CUI8LRtLasf8ydxD4K5PSb5-vlb3vbKC3uV080SsINDeTIDfWKaZYRLf2wbyouX1oSxvrUuqPidETzzuAM8p4MFoHPoPl5s2t41ehUQcDRPeoyXS-ZbjAok)
[25.07.2020 - 17:02:47] try refresh (AQDqWxt7MCR4CUI8LRtLasf8ydxD4K5PSb5-vlb3vbKC3uV080SsINDeTIDfWKaZYRLf2wbyouX1oSxvrUuqPidETzzuAM8p4MFoHPoPl5s2t41ehUQcDRPeoyXS-ZbjAok)
[25.07.2020 - 17:02:50] try refresh (AQDqWxt7MCR4CUI8LRtLasf8ydxD4K5PSb5-vlb3vbKC3uV080SsINDeTIDfWKaZYRLf2wbyouX1oSxvrUuqPidETzzuAM8p4MFoHPoPl5s2t41ehUQcDRPeoyXS-ZbjAok)
[25.07.2020 - 17:02:52] try refresh (AQDqWxt7MCR4CUI8LRtLasf8ydxD4K5PSb5-vlb3vbKC3uV080SsINDeTIDfWKaZYRLf2wbyouX1oSxvrUuqPidETzzuAM8p4MFoHPoPl5s2t41ehUQcDRPeoyXS-ZbjAok)
[25.07.2020 - 17:02:55] try refresh (AQDqWxt7MCR4CUI8LRtLasf8ydxD4K5PSb5-vlb3vbKC3uV080SsINDeTIDfWKaZYRLf2wbyouX1oSxvrUuqPidETzzuAM8p4MFoHPoPl5s2t41ehUQcDRPeoyXS-ZbjAok)
[25.07.2020 - 17:02:58] try refresh (AQDqWxt7MCR4CUI8LRtLasf8ydxD4K5PSb5-vlb3vbKC3uV080SsINDeTIDfWKaZYRLf2wbyouX1oSxvrUuqPidETzzuAM8p4MFoHPoPl5s2t41ehUQcDRPeoyXS-ZbjAok)
[25.07.2020 - 17:03:00] try refresh (AQDqWxt7MCR4CUI8LRtLasf8ydxD4K5PSb5-vlb3vbKC3uV080SsINDeTIDfWKaZYRLf2wbyouX1oSxvrUuqPidETzzuAM8p4MFoHPoPl5s2t41ehUQcDRPeoyXS-ZbjAok)
[25.07.2020 - 17:03:03] try refresh (AQDqWxt7MCR4CUI8LRtLasf8ydxD4K5PSb5-vlb3vbKC3uV080SsINDeTIDfWKaZYRLf2wbyouX1oSxvrUuqPidETzzuAM8p4MFoHPoPl5s2t41ehUQcDRPeoyXS-ZbjAok)
[25.07.2020 - 17:03:05] try refresh (AQDqWxt7MCR4CUI8LRtLasf8ydxD4K5PSb5-vlb3vbKC3uV080SsINDeTIDfWKaZYRLf2wbyouX1oSxvrUuqPidETzzuAM8p4MFoHPoPl5s2t41ehUQcDRPeoyXS-ZbjAok)
[25.07.2020 - 17:03:08] try refresh (AQDqWxt7MCR4CUI8LRtLasf8ydxD4K5PSb5-vlb3vbKC3uV080SsINDeTIDfWKaZYRLf2wbyouX1oSxvrUuqPidETzzuAM8p4MFoHPoPl5s2t41ehUQcDRPeoyXS-ZbjAok)
[25.07.2020 - 17:03:10] try refresh (AQDqWxt7MCR4CUI8LRtLasf8ydxD4K5PSb5-vlb3vbKC3uV080SsINDeTIDfWKaZYRLf2wbyouX1oSxvrUuqPidETzzuAM8p4MFoHPoPl5s2t41ehUQcDRPeoyXS-ZbjAok)
[25.07.2020 - 17:03:13] try refresh (AQDqWxt7MCR4CUI8LRtLasf8ydxD4K5PSb5-vlb3vbKC3uV080SsINDeTIDfWKaZYRLf2wbyouX1oSxvrUuqPidETzzuAM8p4MFoHPoPl5s2t41ehUQcDRPeoyXS-ZbjAok)
[25.07.2020 - 17:03:15] try refresh (AQDqWxt7MCR4CUI8LRtLasf8ydxD4K5PSb5-vlb3vbKC3uV080SsINDeTIDfWKaZYRLf2wbyouX1oSxvrUuqPidETzzuAM8p4MFoHPoPl5s2t41ehUQcDRPeoyXS-ZbjAok)
[25.07.2020 - 17:03:18] try refresh (AQDqWxt7MCR4CUI8LRtLasf8ydxD4K5PSb5-vlb3vbKC3uV080SsINDeTIDfWKaZYRLf2wbyouX1oSxvrUuqPidETzzuAM8p4MFoHPoPl5s2t41ehUQcDRPeoyXS-ZbjAok)
[25.07.2020 - 17:03:21] try refresh (AQDqWxt7MCR4CUI8LRtLasf8ydxD4K5PSb5-vlb3vbKC3uV080SsINDeTIDfWKaZYRLf2wbyouX1oSxvrUuqPidETzzuAM8p4MFoHPoPl5s2t41ehUQcDRPeoyXS-ZbjAok)
[25.07.2020 - 17:03:23] try refresh (AQDqWxt7MCR4CUI8LRtLasf8ydxD4K5PSb5-vlb3vbKC3uV080SsINDeTIDfWKaZYRLf2wbyouX1oSxvrUuqPidETzzuAM8p4MFoHPoPl5s2t41ehUQcDRPeoyXS-ZbjAok)
[25.07.2020 - 17:03:26] try refresh (AQDqWxt7MCR4CUI8LRtLasf8ydxD4K5PSb5-vlb3vbKC3uV080SsINDeTIDfWKaZYRLf2wbyouX1oSxvrUuqPidETzzuAM8p4MFoHPoPl5s2t41ehUQcDRPeoyXS-ZbjAok)
[25.07.2020 - 17:03:28] try refresh (AQDqWxt7MCR4CUI8LRtLasf8ydxD4K5PSb5-vlb3vbKC3uV080SsINDeTIDfWKaZYRLf2wbyouX1oSxvrUuqPidETzzuAM8p4MFoHPoPl5s2t41ehUQcDRPeoyXS-ZbjAok)
[25.07.2020 - 17:03:31] try refresh (AQDqWxt7MCR4CUI8LRtLasf8ydxD4K5PSb5-vlb3vbKC3uV080SsINDeTIDfWKaZYRLf2wbyouX1oSxvrUuqPidETzzuAM8p4MFoHPoPl5s2t41ehUQcDRPeoyXS-ZbjAok)
[25.07.2020 - 17:03:33] try refresh (AQDqWxt7MCR4CUI8LRtLasf8ydxD4K5PSb5-vlb3vbKC3uV080SsINDeTIDfWKaZYRLf2wbyouX1oSxvrUuqPidETzzuAM8p4MFoHPoPl5s2t41ehUQcDRPeoyXS-ZbjAok)
[25.07.2020 - 17:03:36] try refresh (AQDqWxt7MCR4CUI8LRtLasf8ydxD4K5PSb5-vlb3vbKC3uV080SsINDeTIDfWKaZYRLf2wbyouX1oSxvrUuqPidETzzuAM8p4MFoHPoPl5s2t41ehUQcDRPeoyXS-ZbjAok)
[25.07.2020 - 17:03:38] try refresh (AQDqWxt7MCR4CUI8LRtLasf8ydxD4K5PSb5-vlb3vbKC3uV080SsINDeTIDfWKaZYRLf2wbyouX1oSxvrUuqPidETzzuAM8p4MFoHPoPl5s2t41ehUQcDRPeoyXS-ZbjAok)
[25.07.2020 - 17:03:41] try refresh (AQDqWxt7MCR4CUI8LRtLasf8ydxD4K5PSb5-vlb3vbKC3uV080SsINDeTIDfWKaZYRLf2wbyouX1oSxvrUuqPidETzzuAM8p4MFoHPoPl5s2t41ehUQcDRPeoyXS-ZbjAok)
[25.07.2020 - 17:03:44] try refresh (AQDqWxt7MCR4CUI8LRtLasf8ydxD4K5PSb5-vlb3vbKC3uV080SsINDeTIDfWKaZYRLf2wbyouX1oSxvrUuqPidETzzuAM8p4MFoHPoPl5s2t41ehUQcDRPeoyXS-ZbjAok)
[25.07.2020 - 17:03:46] try refresh (AQDqWxt7MCR4CUI8LRtLasf8ydxD4K5PSb5-vlb3vbKC3uV080SsINDeTIDfWKaZYRLf2wbyouX1oSxvrUuqPidETzzuAM8p4MFoHPoPl5s2t41ehUQcDRPeoyXS-ZbjAok)
[25.07.2020 - 17:03:49] try refresh (AQDqWxt7MCR4CUI8LRtLasf8ydxD4K5PSb5-vlb3vbKC3uV080SsINDeTIDfWKaZYRLf2wbyouX1oSxvrUuqPidETzzuAM8p4MFoHPoPl5s2t41ehUQcDRPeoyXS-ZbjAok)
[25.07.2020 - 17:03:51] try refresh (AQDqWxt7MCR4CUI8LRtLasf8ydxD4K5PSb5-vlb3vbKC3uV080SsINDeTIDfWKaZYRLf2wbyouX1oSxvrUuqPidETzzuAM8p4MFoHPoPl5s2t41ehUQcDRPeoyXS-ZbjAok)
[25.07.2020 - 17:03:54] try refresh (AQDqWxt7MCR4CUI8LRtLasf8ydxD4K5PSb5-vlb3vbKC3uV080SsINDeTIDfWKaZYRLf2wbyouX1oSxvrUuqPidETzzuAM8p4MFoHPoPl5s2t41ehUQcDRPeoyXS-ZbjAok)
[25.07.2020 - 17:03:57] try refresh (AQDqWxt7MCR4CUI8LRtLasf8ydxD4K5PSb5-vlb3vbKC3uV080SsINDeTIDfWKaZYRLf2wbyouX1oSxvrUuqPidETzzuAM8p4MFoHPoPl5s2t41ehUQcDRPeoyXS-ZbjAok)
[25.07.2020 - 17:03:59] try refresh (AQDqWxt7MCR4CUI8LRtLasf8ydxD4K5PSb5-vlb3vbKC3uV080SsINDeTIDfWKaZYRLf2wbyouX1oSxvrUuqPidETzzuAM8p4MFoHPoPl5s2t41ehUQcDRPeoyXS-ZbjAok)
[25.07.2020 - 17:04:02] try refresh (AQDqWxt7MCR4CUI8LRtLasf8ydxD4K5PSb5-vlb3vbKC3uV080SsINDeTIDfWKaZYRLf2wbyouX1oSxvrUuqPidETzzuAM8p4MFoHPoPl5s2t41ehUQcDRPeoyXS-ZbjAok)
[25.07.2020 - 17:04:04] try refresh (AQDqWxt7MCR4CUI8LRtLasf8ydxD4K5PSb5-vlb3vbKC3uV080SsINDeTIDfWKaZYRLf2wbyouX1oSxvrUuqPidETzzuAM8p4MFoHPoPl5s2t41ehUQcDRPeoyXS-ZbjAok)
[25.07.2020 - 17:04:07] try refresh (AQDqWxt7MCR4CUI8LRtLasf8ydxD4K5PSb5-vlb3vbKC3uV080SsINDeTIDfWKaZYRLf2wbyouX1oSxvrUuqPidETzzuAM8p4MFoHPoPl5s2t41ehUQcDRPeoyXS-ZbjAok)
[25.07.2020 - 17:04:09] try refresh (AQDqWxt7MCR4CUI8LRtLasf8ydxD4K5PSb5-vlb3vbKC3uV080SsINDeTIDfWKaZYRLf2wbyouX1oSxvrUuqPidETzzuAM8p4MFoHPoPl5s2t41ehUQcDRPeoyXS-ZbjAok)
[25.07.2020 - 17:04:12] try refresh (AQDqWxt7MCR4CUI8LRtLasf8ydxD4K5PSb5-vlb3vbKC3uV080SsINDeTIDfWKaZYRLf2wbyouX1oSxvrUuqPidETzzuAM8p4MFoHPoPl5s2t41ehUQcDRPeoyXS-ZbjAok)
[25.07.2020 - 17:04:14] try refresh (AQDqWxt7MCR4CUI8LRtLasf8ydxD4K5PSb5-vlb3vbKC3uV080SsINDeTIDfWKaZYRLf2wbyouX1oSxvrUuqPidETzzuAM8p4MFoHPoPl5s2t41ehUQcDRPeoyXS-ZbjAok)
[25.07.2020 - 17:04:17] try refresh (AQDqWxt7MCR4CUI8LRtLasf8ydxD4K5PSb5-vlb3vbKC3uV080SsINDeTIDfWKaZYRLf2wbyouX1oSxvrUuqPidETzzuAM8p4MFoHPoPl5s2t41ehUQcDRPeoyXS-ZbjAok)
[25.07.2020 - 17:04:19] try refresh (AQDqWxt7MCR4CUI8LRtLasf8ydxD4K5PSb5-vlb3vbKC3uV080SsINDeTIDfWKaZYRLf2wbyouX1oSxvrUuqPidETzzuAM8p4MFoHPoPl5s2t41ehUQcDRPeoyXS-ZbjAok)
[25.07.2020 - 17:04:22] try refresh (AQDqWxt7MCR4CUI8LRtLasf8ydxD4K5PSb5-vlb3vbKC3uV080SsINDeTIDfWKaZYRLf2wbyouX1oSxvrUuqPidETzzuAM8p4MFoHPoPl5s2t41ehUQcDRPeoyXS-ZbjAok)
[25.07.2020 - 17:10:33] created new entry with refresh (AQAReobdkKjh-wbPbJJ-jvaV3hEzIYkH6aygsUEb9rq4iv1qsXYtG80qCNux2b7k9n_UbDVCRDLMfPJWsUI4LNen8y6_i6P3h8vA71Al_y7gZZGM_2s1UxaUUG-ou13GZz8)
[25.07.2020 - 17:23:28] updated refresh (AQCrgSj69sw92VE8F-5GSxRTSwSzG9u6ApMx5mbNChB25T_SSehrofwA-MV91R3IhVq4fagt4Y03ZSblXg_RpZ65RPTXLbV6Aln3Ce7IX31Txzir2wvC63hjgQvZtwKRYH4)
[25.07.2020 - 17:30:47] updated refresh (AQDlgR0seg9ZExRl1Y6WWC_69qD38LjjXJKdxm-tSpsxSCYzVRyBXcgfoFObzTkDidglJdHldMWz0a-djYw2doTg4xhb2k3B7ZIvX14SDmeMDxJltt1hw3wM0jeMTcBQRao)
[25.07.2020 - 17:53:19] updated refresh (AQAp9yW16KT7YHoP75gD1xfWdKgxE1xDpSQ3WlTmIiCwkR-4duNoMxgkPc1cJIczSIrIHXAIX3G4gLwNPf2Sg8bElDsIsSQMuYtf23Ly6uLuiND_7Y61JxRt3vzGpUQSpoY)
[25.07.2020 - 17:53:26] updated refresh (AQCeRml8BWquoPGsKcdRf9yqiLk7RYu4f4HW1hmmIwTNR474Noh3RnoC-vRKJWJRSqZsPb1nUDILEY3MrkSzFis-DVDyqfhpJmJnTxZ2ejV7oersxu3vQ6T2lXofUKo_qFc)
[27.07.2020 - 14:49:43] updated refresh (AQBU8qq9gxb_90Sn-y2UF3QkW_2sTQ5ajZWVIUAIzw5ZVRIYfMgIncoCi2Yfl59eIEg7UxubXCLIdcY7MnMxLfIwdSTk9qKdgFFM2TuGfhPfjIGzYlwTd0rD1kfsePn8aDY)
[27.07.2020 - 15:02:04] updated refresh (AQArzQqDgyAe0Bwh3vTYNJd5lnTApVznFGtGQcd4p5EXA0mBjFOEyqWJxHEfiHc8gOaTOfddn5ZQL0eiiAOeeIf0yF4Od95YQz6dhelTvv6V79trtv1U2US-vnsv2T1v3ns)
[27.07.2020 - 15:02:14] updated refresh (AQBj4p5tiBzBE8R2wVuURRPrxCrsCzNHp-ZyNyn38_xwHwEq9otU13TTcHY8ShD5wIkt8MGzYTZ6e1bswotM8myNx4rU460IiZ9z-cQBs-WjSiYE5NEyAd8GjVl2_QzTYQE)
[01.10.2020 - 15:37:54] created new entry with refresh (AQA8phewmeJUq97jA5u9beG6K4Tt6hs3jv02DoJsyH4lTWIsZ75cjmlk4o6lwY1t0-xnvCYVIZfagdndMb_3M4ABg_rYLNb_72JR1ADJOH7_12x3p_wRBv-XDZlCm-5p9Ok)
[01.10.2020 - 15:39:30] updated refresh (AQAyb0U5cmxW6V0XkvVt7os6V0s0IhL6kEdPlZW4Y5peI54CbpA6e7wTcqPeG-ACzE4XfyZ76b3hn49neQ4IMT7_Ce7_ofcjkd2dnMbxIYa7io39nmEsFecnjRwadA7hLRc)
[01.10.2020 - 15:39:46] created new entry with refresh (AQBxqNPxMAmMSx1dcZSIPwU10fRu9soxthFs0DXJdOvHyE8xEaZGjanZxMW6GFSuN3jp3283cZShsJ8Ms72TKv25kPTb4RHrX4MH8lWoM7tB8hYdh-5WQqOb49wZXgeBnQ4)
[01.10.2020 - 15:50:05] created new entry with refresh (AQA0AQZoENt1IyUscID1pOOKoTmJmnO8fI7nH_JouxRZ_AwotsohLPf_Z133TL7s56z1mhsbn7oQ-aqxKf9QHr80T_eBZKPS9SDnFlaImHejaiPLpTbWaAN_HrDC0eDLrBM)
[01.10.2020 - 18:41:36] updated refresh (AQB3Gu2fb2xFV7BMlUNJIWS1S4Q6PGTIl5FRQRR36Q3pLb2D5ktLbqD7HRN1_YNQ1JywIxEekaiGJ9pjro9fzzqAGADdpWfefmeQivMSOhODYiAI1N0tvxpuEE0e7PLT6ZI)
[01.10.2020 - 18:46:46] updated refresh (AQCRoGg38x9zrWf8v9jHCJff2oyrnV90DsM-OmjlmAItL0vBq31uWEiQfHow9bv8ak569xVGuQSI7Xf-G_2fPfqnAuPyzQ4O7h7uwL96Z0bIS44QJ6YrnRlUgzzPW2UEXv0)
[02.10.2020 - 11:14:00] created new entry with refresh (AQBpc_9Rm0uG-_vE0sd5l6IP4EYBXqY2xHW6RZvirx_C6FDnFLxHehqWKlApPPrQQOXHANMKQ18YJYKocnB3H0fJ-mB4zuM9j96qISmil_9L_z6TSEmJBp1MTdk7_FboM18)
[02.10.2020 - 11:18:02] created new entry with refresh (AQDG63uVJm68pyk9dQSsDub1az2e-401NfGNMilisBtwHmyBc5l20WNA5vb2sL63crPyrHptpmNgzG6DfyGfvIe2Jxb3Df_AzhaeR2uAOfMDEww50ditIX1DAFAVrP9kgNc)
[02.10.2020 - 20:06:45] updated refresh (AQCAOZcAPca_6qE8-3PrO0U_DOfvabOWr7Dhnv5a7RSg-UC_k7EXsXpzwB1vpohgB2_BIxjAQNURa7_wqEE09RDEQ4YpBX4gY20diYd_XFxVf7PuoC1HopJgShEOam6nWMg)
[02.10.2020 - 20:09:18] updated refresh (AQCoPI-GJK_HDvLM4bnIYB1rWqLHLjDgf7u9sHJA9_PeeNMbgbH_BUnxnifdL1A8qsvrXv6EVthA0XtDKFU2zneLmHJN7zSj39S64wbzH_5TocLgCFH2oCaPfMKPE-Z1p28)
[02.10.2020 - 22:14:58] updated refresh (AQB0v6s6c-tffquvzDlcsz7wCIV1Vz_sA_JEpWN5HmCrrsJLWAOfx1D7iOE1rZ_Y3hSiwTwguG4E-tQxKqhAvnpCk3SVqmRKgsuBFMqrPNFIdADVhWyVomTytstQVbODglc)
[03.10.2020 - 11:27:41] updated refresh (AQDRX1aI_6J2S3tsQijgtc5aWh_eFzkH34b_iRiQFzOzf4CBcjHxeAp7pdwBg085FpA943cQRk971pkqdEnBdw6okHpEbWOUC1PeqNqhdIqXi_lX8ZyNiNxMWGm1L3ycdkI)
[03.10.2020 - 23:37:01] updated refresh (AQDBMcbdhi7S5HjQ0k9ItDjMy3nT1tpolzY6crj05jJdsFXNvkBTN9yN0TjDavWo4OL0uMxiq1vEaJOlztcOqh3nVPK7OD7wltPEsGdseR9rYnRyvZN_v6h1Y5zSP3VVg-Q)
[04.10.2020 - 13:53:55] updated refresh (AQDHc5X6iiA3v3mSSoLVe0en5eJVY5n4snUMop8umkcXz6vR-sSrtZhmobkq-aRnAv4j58to4das5JYks38H9S4coixxFXcFPQqcvM-hRG221FFfapsDicCk2HYc8LG5zYc)
[04.10.2020 - 13:56:04] updated refresh (AQCDy82jT86KE2aaifnSut4WxO2dHzuANgyd9wtFu_HGpOtROZrdcMucRLepRK9rreYvE_6VUJC8zOssj6owxAnXbQq7qpnHHaXU7SfsyYWJwQA9N6Y9SqzJzDLRp4qxr90)
[04.10.2020 - 13:56:31] updated refresh (AQCfIk3HDwPi0ns5NvI_6JK2BHoqXB7DxkF28U0vNgV5yZgXcQpZLlQth6lZ2GRdQm-19ZlsZjvLb_ss_vgBBCxHKU1-VhVt6nXCW2OjRssFduM6wJ7CB_b2xc4iJpWP7XI)
[04.10.2020 - 15:26:34] updated refresh (AQC0XIAnLXc84ZNJz9d_lywUWT77ZvenLFWI2IRKP3EYrLSjUnwVgH_w_sz2s_dXAK96o2LL7QCLpEIf1uEtsQZKJzhKGVFFGQNEbaZao5FoTE6i3LuN2GfbJH2wX7QKTkg)
[04.10.2020 - 16:01:08] updated refresh (AQCafCYKRus0vMu20PS17Q2_naXvUlnpXqtw-z5YMCdZ3t6HemJgCKO-Xc-iOM4b08w-LZEZP729C_pbyZQHbRck5Mj56MxpL9duL2FxVPyMkiYO1EUggI7j__ft4O8YPw0)
[17.10.2020 - 18:35:07] created new entry with refresh (AQDoDOfRJbZ2AGqA682UnUXUnT3lnjTkv1Vpg3svHvQn1bAK8sE6WCTc8yzKaNMvc0f93FEONuYNh-6PoSf0o87wJxshlWGki_BLOJbr5_B6tLDRF6qApX7xH_Mz6_aEq0g)
[17.10.2020 - 18:40:00] created new entry with refresh (AQCGwPd3KmnR6tjHpnKt4HI6SNUNEn4ZwRBVzxgsjOp7tYQu6zGxF2RrEH8OAMGQjb_VuKPkljl-xFcVhhjDpMYK8xqYFSszftkn2WuUCZ4azdUI6w7Ut-97s66hNXSbc9s)
[17.10.2020 - 18:40:17] updated refresh (AQApbUsm5-li7-_JNVwG9BiOrqdWANulWd6O3CoUIlfJW3WrQg4dfrvKUyXwYh0n9a39nt3-sxX_gs8vi4Nd4js2wXG9tjjXMY99zmDb5-oyqP26Viqz4q08BURhGpz15pc)
[17.10.2020 - 20:22:17] created new entry with refresh (AQDUVmFe8E7gAMpctw0Z48bqZq7qOpJ5hWQnnq5Q0bVZYvLb84dh2YUhTQCE9IQXg2kxXDuYd62oB8Rb4s-T8nTxsKpjXeRTW6QmEXRg0dbSCPpfyHxj-QZbj6Xv1yiaQRk)
[17.10.2020 - 22:51:18] updated refresh (AQCYWaipHxxdO3FrmVoYdon3roIuKbfKHn6IWvGf7yEqBzGeR1GyeQUO4v2TJ5B-1IsxZPcKGrmFAoZa1HL5vN-OfZvGTEU3P_3vgvrXn2d5ICeaokuHGxksI1ntPlc3VV0)
[18.10.2020 - 16:29:54] updated refresh (AQCX8GJ6s_jhJKhvlR4gHt1RNMWa70rV822VmjNXfpnVJyfLqU8ckrIKKcPap7aZhONCF_1sYsboiBwtuywQTKg9pa-ZIyV7-N8aUUPymoP4bXQHgyArmjnnxtLEnijI7rk)
[18.10.2020 - 18:31:52] updated refresh (AQDBZVYVjQNU-K3-6IefqBvqqf03qs0-eJKFAvGY6ZkT8m4wN4KnmQIP1UkOrg06kAPhdeV64GFeeLMmCsjEYzR70j07qvByb1gBRX6qFBOdAR9GxhEuXCSi38ZSbXScSZE)
[20.10.2020 - 00:11:25] updated refresh (AQA0zr0RuzPuTu3kgIpFOtcwKPm9_PfLJv651AUK_VGBAJii3emHDa3K9K1ARvZ0eL7d4-aS122kwTwDOKikjtWQDjX3O9IRL8HQy7CeSMJPkCygM_0SKcIA_SmK-bPkq-w)
[20.10.2020 - 16:59:55] updated refresh (AQDC4rrinrKf3p7nDC5Jw8DhqFkKonPFGoTuBXi5gSZFNzESmcq2aoTN-5LM4zD_wzuwO1OH2KVMdNNlQeJ5bstHqnHxpNncjuxlJyc3mwvD0xDNeBG0DHfIyqr1PIHADTA)
[20.10.2020 - 19:40:50] updated refresh (AQBnJT30AbW3oxRz-D5vJ7C6gIPQW5R8MzNGS16CgYJKWHoC6TW26kBn1TUFZbG1wGHuR30-M9P9IU1dYRHPK5WrmtazBr-la6say2VgJCuXAVn3ZjRBlJJhN_s3-a6nNdw)
[20.10.2020 - 22:52:20] updated refresh (AQBkA5r0E1MgosPXrDdqG11tNQt1PVhE4QdLRgsqR5wolQzCghXM7zSHWxGB2LyBg8S5knHj4q7JpanFsPz6sQKKYpNNBKMw8yhPBcpqfwHMcDdhb-5QVKM7g3kXm0-d-aI)
